app/build/intermediates/manifest_merge_blame_file/debug/manifest-merger-blame-debug-report.txt
1<?xml version="1.0" encoding="utf-8"?>
2<manifest xmlns:android="http://schemas.android.com/apk/res/android"
3    package="miercoles.dsl.bluetoothprintprueba"
4    android:versionCode="1"
5    android:versionName="1.0" >
6
7    <uses-sdk
8        android:minSdkVersion="15"
8-->src\main\AndroidManifest.xml
9        android:targetSdkVersion="26" />
9-->src\main\AndroidManifest.xml
10
11    <uses-permission android:name="android.permission.BLUETOOTH" />
11-->src\main\AndroidManifest.xml:5:5-68
11-->src\main\AndroidManifest.xml:5:22-65
12    <uses-permission android:name="android.permission.BLUETOOTH_ADMIN" />
12-->src\main\AndroidManifest.xml:6:5-74
12-->src\main\AndroidManifest.xml:6:22-71
13    <uses-permission android:name="android.permission.WRITE_EXTERNAL_STORAGE" />
13-->src\main\AndroidManifest.xml:7:5-80
13-->src\main\AndroidManifest.xml:7:22-78
14    <uses-permission android:name="android.permission.READ_EXTERNAL_STORAGE" />
14-->src\main\AndroidManifest.xml:8:5-79
14-->src\main\AndroidManifest.xml:8:22-77
15    <uses-permission android:name="android.permission.CAMERA" />
15-->src\main\AndroidManifest.xml:9:5-64
15-->src\main\AndroidManifest.xml:9:22-62
16
17    <uses-feature
17-->src\main\AndroidManifest.xml:11:5-13:35
18        android:name="android.hardware.camera"
18-->src\main\AndroidManifest.xml:12:9-47
19        android:required="true" />
19-->src\main\AndroidManifest.xml:13:9-32
20
21    <application
21-->src\main\AndroidManifest.xml:15:5-41:19
22        android:allowBackup="true"
22-->src\main\AndroidManifest.xml:16:9-35
23        android:debuggable="true"
24        android:icon="@mipmap/ic_launcher"
24-->src\main\AndroidManifest.xml:17:9-43
25        android:label="@string/app_name"
25-->src\main\AndroidManifest.xml:18:9-41
26        android:roundIcon="@mipmap/ic_launcher_round"
26-->src\main\AndroidManifest.xml:19:9-54
27        android:supportsRtl="true"
27-->src\main\AndroidManifest.xml:20:9-35
28        android:testOnly="true"
29        android:theme="@style/AppTheme" >
29-->src\main\AndroidManifest.xml:21:9-40
30        <activity android:name="miercoles.dsl.bluetoothprintprueba.MainActivity" >
30-->src\main\AndroidManifest.xml:22:9-28:20
30-->src\main\AndroidManifest.xml:22:19-47
31            <intent-filter>
31-->src\main\AndroidManifest.xml:23:13-27:29
32                <action android:name="android.intent.action.MAIN" />
32-->src\main\AndroidManifest.xml:24:17-69
32-->src\main\AndroidManifest.xml:24:25-66
33
34                <category android:name="android.intent.category.LAUNCHER" />
34-->src\main\AndroidManifest.xml:26:17-77
34-->src\main\AndroidManifest.xml:26:27-74
35            </intent-filter>
36        </activity>
37        <activity android:name="miercoles.dsl.bluetoothprintprueba.ListaBluetoohtActivity" />
37-->src\main\AndroidManifest.xml:29:9-60
37-->src\main\AndroidManifest.xml:29:19-57
38        <activity android:name="miercoles.dsl.bluetoothprintprueba.listas.dispositivosbluetooth.DibujarActivity" />
38-->src\main\AndroidManifest.xml:30:9-91
38-->src\main\AndroidManifest.xml:30:19-79
39
40        <provider
40-->src\main\AndroidManifest.xml:32:9-40:20
41            android:name="android.support.v4.content.FileProvider"
41-->src\main\AndroidManifest.xml:33:13-67
42            android:authorities="miercoles.dsl.bluetoothprintprueba.provider"
42-->src\main\AndroidManifest.xml:34:13-78
43            android:exported="false"
43-->src\main\AndroidManifest.xml:35:13-37
44            android:grantUriPermissions="true" >
44-->src\main\AndroidManifest.xml:36:13-47
45            <meta-data
45-->src\main\AndroidManifest.xml:37:13-39:49
46                android:name="android.support.FILE_PROVIDER_PATHS"
46-->src\main\AndroidManifest.xml:38:17-67
47                android:resource="@xml/rutas" />
47-->src\main\AndroidManifest.xml:39:17-46
48        </provider>
49
50        <meta-data
50-->[com.android.support:appcompat-v7:26.1.0] AndroidManifest.xml:26:9-28:38
51            android:name="android.support.VERSION"
51-->[com.android.support:appcompat-v7:26.1.0] AndroidManifest.xml:27:13-51
52            android:value="26.1.0" />
52-->[com.android.support:appcompat-v7:26.1.0] AndroidManifest.xml:28:13-35
53        <meta-data
53-->[android.arch.lifecycle:runtime:1.0.0] AndroidManifest.xml:25:9-27:47
54            android:name="android.arch.lifecycle.VERSION"
54-->[android.arch.lifecycle:runtime:1.0.0] AndroidManifest.xml:26:13-58
55            android:value="27.0.0-SNAPSHOT" />
55-->[android.arch.lifecycle:runtime:1.0.0] AndroidManifest.xml:27:13-44
56    </application>
57
58</manifest>